(---------------------------------------------------------------------)
(                                                                     )
(    ARTWORK LOG                                                      )
(                                                                     )
(    Drawing          : DESIGN1.brd                                   )
(    Software Version : 17.2S025                                      )
(    Date/Time        : Wed May 29 22:33:15 2024                      )
(                                                                     )
(---------------------------------------------------------------------)


 ---- Photoplot outline rectangle not found; using drawing extents.



Results from parameter file ...
    DEVICE-TYPE           GERBER_RS274X
    OUTPUT-UNITS          MM
    FILM-SIZE             2400000 1600000
    FORMAT                2.5
    ABORT-ON-ERROR        NO
    SCALE                 1
    SUPPRESS-LEAD-ZEROES  YES
    SUPPRESS-TRAIL-ZEROES NO
    SUPPRESS-EQUAL        YES
    UNDEF-APT-CONT        NO



================================================================
     PROCESSING FILM < BOT >
     TO FILE < C:\Users\nasta\OneDrive - Universitatea Politehnica Bucuresti\Desktop\PROIECT_TIE_FINAL_V2\MAGDA\GERBER\BOT.art > ...
================================================================

  FILM PARAMETERS :
  ---------------------------------------------------------
  Undefined line width                0.203
  Mirror code                         NONE
  Rotate angle                        NONE
  Offset x:                           0.000
  Offset y:                           0.000
  Plot negative                       NO
  Suppress unconnected internal pads  NO
  Draw holes only                     NO



  APERTURES USED:
  ---------------------------------------------------------
  TYPE       SIZE/NAME                   ROT   MIRROR MODE 
  ---------------------------------------------------------
  CIRCLE     0.15200                                  DARK 
  CIRCLE     0.50000                                  DARK 
  CIRCLE     0.50800                                  DARK 
  CIRCLE     1.37200                                  DARK 
  CIRCLE     3.37800                                  DARK 
  SQUARE     1.37200                     0.000 NO     DARK 

     BOT created.


================================================================
     PROCESSING FILM < TSKL >
     TO FILE < C:\Users\nasta\OneDrive - Universitatea Politehnica Bucuresti\Desktop\PROIECT_TIE_FINAL_V2\MAGDA\GERBER\TSKL.art > ...
================================================================

  FILM PARAMETERS :
  ---------------------------------------------------------
  Undefined line width                0.152
  Mirror code                         NONE
  Rotate angle                        NONE
  Offset x:                           0.000
  Offset y:                           0.000
  Plot negative                       NO
  Suppress unconnected internal pads  NO
  Draw holes only                     NO

    WARNING: 0 width line found at (17.755 42.824)
           ... using undefined line width of 0.152

    WARNING: Multiple 0 width lines; all will be treated the same as the first.
           ... using undefined line width of 0.152



  APERTURES USED:
  ---------------------------------------------------------
  TYPE       SIZE/NAME                   ROT   MIRROR MODE 
  ---------------------------------------------------------
  CIRCLE     0.15200                                  DARK 

     TSKL created with warnings


================================================================
     PROCESSING FILM < ASS >
     TO FILE < C:\Users\nasta\OneDrive - Universitatea Politehnica Bucuresti\Desktop\PROIECT_TIE_FINAL_V2\MAGDA\GERBER\ASS.art > ...
================================================================

  FILM PARAMETERS :
  ---------------------------------------------------------
  Undefined line width                0.152
  Mirror code                         NONE
  Rotate angle                        NONE
  Offset x:                           0.000
  Offset y:                           0.000
  Plot negative                       NO
  Suppress unconnected internal pads  NO
  Draw holes only                     NO

    WARNING: text composed 0 width line found at (18.720 38.506)
           ... using undefined line width of 0.152

    WARNING: text having Multiple 0 width lines; all will be treated the same as the first.
           ... using undefined line width of 0.152



  APERTURES USED:
  ---------------------------------------------------------
  TYPE       SIZE/NAME                   ROT   MIRROR MODE 
  ---------------------------------------------------------
  CIRCLE     0.15200                                  DARK 

     ASS created with warnings


================================================================
     PROCESSING FILM < BMSK >
     TO FILE < C:\Users\nasta\OneDrive - Universitatea Politehnica Bucuresti\Desktop\PROIECT_TIE_FINAL_V2\MAGDA\GERBER\BMSK.art > ...
================================================================

  FILM PARAMETERS :
  ---------------------------------------------------------
  Undefined line width                0.152
  Mirror code                         NONE
  Rotate angle                        NONE
  Offset x:                           0.000
  Offset y:                           0.000
  Plot negative                       NO
  Suppress unconnected internal pads  NO
  Draw holes only                     NO



  APERTURES USED:
  ---------------------------------------------------------
  TYPE       SIZE/NAME                   ROT   MIRROR MODE 
  ---------------------------------------------------------
  CIRCLE     0.15200                                  DARK 
  CIRCLE     1.52400                                  DARK 
  CIRCLE     3.65800                                  DARK 
  SQUARE     1.52400                     0.000 NO     DARK 

     BMSK created.


================================================================
     PROCESSING FILM < FAB >
     TO FILE < C:\Users\nasta\OneDrive - Universitatea Politehnica Bucuresti\Desktop\PROIECT_TIE_FINAL_V2\MAGDA\GERBER\FAB.art > ...
================================================================

  FILM PARAMETERS :
  ---------------------------------------------------------
  Undefined line width                0.152
  Mirror code                         NONE
  Rotate angle                        NONE
  Offset x:                           0.000
  Offset y:                           0.000
  Plot negative                       NO
  Suppress unconnected internal pads  NO
  Draw holes only                     NO



  APERTURES USED:
  ---------------------------------------------------------
  TYPE       SIZE/NAME                   ROT   MIRROR MODE 
  ---------------------------------------------------------
  CIRCLE     0.15200                                  DARK 
  CIRCLE     0.25400                                  DARK 

     FAB created.


================================================================
     PROCESSING FILM < TOP >
     TO FILE < C:\Users\nasta\OneDrive - Universitatea Politehnica Bucuresti\Desktop\PROIECT_TIE_FINAL_V2\MAGDA\GERBER\TOP.art > ...
================================================================

  FILM PARAMETERS :
  ---------------------------------------------------------
  Undefined line width                0.152
  Mirror code                         NONE
  Rotate angle                        NONE
  Offset x:                           0.000
  Offset y:                           0.000
  Plot negative                       NO
  Suppress unconnected internal pads  NO
  Draw holes only                     NO



  APERTURES USED:
  ---------------------------------------------------------
  TYPE       SIZE/NAME                   ROT   MIRROR MODE 
  ---------------------------------------------------------
  CIRCLE     0.15200                                  DARK 
  CIRCLE     0.50000                                  DARK 
  CIRCLE     0.50800                                  DARK 
  CIRCLE     0.90000                                  DARK 
  CIRCLE     1.37200                                  DARK 
  CIRCLE     3.37800                                  DARK 
  SQUARE     1.37200                     0.000 NO     DARK 
  RECTANGLE  1.27000     x 0.63500       0.000 NO     DARK 

     TOP created.


================================================================
     PROCESSING FILM < TMSK >
     TO FILE < C:\Users\nasta\OneDrive - Universitatea Politehnica Bucuresti\Desktop\PROIECT_TIE_FINAL_V2\MAGDA\GERBER\TMSK.art > ...
================================================================

  FILM PARAMETERS :
  ---------------------------------------------------------
  Undefined line width                0.152
  Mirror code                         NONE
  Rotate angle                        NONE
  Offset x:                           0.000
  Offset y:                           0.000
  Plot negative                       NO
  Suppress unconnected internal pads  NO
  Draw holes only                     NO



  APERTURES USED:
  ---------------------------------------------------------
  TYPE       SIZE/NAME                   ROT   MIRROR MODE 
  ---------------------------------------------------------
  CIRCLE     0.15200                                  DARK 
  CIRCLE     1.52400                                  DARK 
  CIRCLE     3.65800                                  DARK 
  SQUARE     1.52400                     0.000 NO     DARK 
  RECTANGLE  1.39700     x 0.76200       0.000 NO     DARK 

     TMSK created.


------------------------------------------------------
 SUMMARY:
        BOT created.
        TSKL created with warnings
        ASS created with warnings
        BMSK created.
        FAB created.
        TOP created.
        TMSK created.

 ARTWORK had warnings
